2023-02-22 20:39:11 [scrapy.utils.log] INFO: Scrapy 2.5.1 started (bot: daq_engine)
2023-02-22 20:39:11 [scrapy.utils.log] INFO: Versions: lxml 4.6.4.0, libxml2 2.9.5, cssselect 1.1.0, parsel 1.6.0, w3lib 1.22.0, Twisted 21.7.0, Python 3.9.9 (tags/v3.9.9:ccb0e6a, Nov 15 2021, 18:08:50) [MSC v.1929 64 bit (AMD64)], pyOpenSSL 21.0.0 (OpenSSL 1.1.1l  24 Aug 2021), cryptography 36.0.0, Platform Windows-10-10.0.19044-SP0
2023-02-22 20:39:11 [scrapy.utils.log] DEBUG: Using reactor: twisted.internet.selectreactor.SelectReactor
2023-02-22 20:39:11 [scrapy.crawler] INFO: Overridden settings:
{'BOT_NAME': 'daq_engine',
 'DOWNLOAD_DELAY': 1,
 'DUPEFILTER_CLASS': 'scrapy_redis.dupefilter.RFPDupeFilter',
 'LOG_FILE': 'logs\\ms-daq-engine4\\ifeng\\e6d16745b2ad11ed8eba6002921dd8c2.log',
 'NEWSPIDER_MODULE': 'daq_engine.spiders',
 'SCHEDULER': 'scrapy_redis.scheduler.Scheduler',
 'SPIDER_MODULES': ['daq_engine.spiders']}
2023-02-22 20:39:11 [scrapy.extensions.telnet] INFO: Telnet Password: 30bd2b1e9edf9d80
2023-02-22 20:39:11 [scrapy.middleware] INFO: Enabled extensions:
['scrapy.extensions.corestats.CoreStats',
 'scrapy.extensions.telnet.TelnetConsole',
 'scrapy.extensions.logstats.LogStats']
2023-02-22 20:39:11 [scrapy.middleware] INFO: Enabled downloader middlewares:
['scrapy.downloadermiddlewares.httpauth.HttpAuthMiddleware',
 'scrapy.downloadermiddlewares.downloadtimeout.DownloadTimeoutMiddleware',
 'scrapy.downloadermiddlewares.defaultheaders.DefaultHeadersMiddleware',
 'scrapy.downloadermiddlewares.useragent.UserAgentMiddleware',
 'scrapy.downloadermiddlewares.retry.RetryMiddleware',
 'scrapy.downloadermiddlewares.redirect.MetaRefreshMiddleware',
 'scrapy.downloadermiddlewares.httpcompression.HttpCompressionMiddleware',
 'scrapy.downloadermiddlewares.redirect.RedirectMiddleware',
 'scrapy.downloadermiddlewares.cookies.CookiesMiddleware',
 'scrapy.downloadermiddlewares.httpproxy.HttpProxyMiddleware',
 'scrapy.downloadermiddlewares.stats.DownloaderStats']
2023-02-22 20:39:11 [scrapy.middleware] INFO: Enabled spider middlewares:
['scrapy.spidermiddlewares.httperror.HttpErrorMiddleware',
 'scrapy.spidermiddlewares.offsite.OffsiteMiddleware',
 'scrapy.spidermiddlewares.referer.RefererMiddleware',
 'scrapy.spidermiddlewares.urllength.UrlLengthMiddleware',
 'scrapy.spidermiddlewares.depth.DepthMiddleware']
2023-02-22 20:39:11 [scrapy.middleware] INFO: Enabled item pipelines:
['daq_engine.pipelines.DaqEnginePipeline',
 'daq_engine.pipelines.WeiboMongoPipeline',
 'scrapy_redis.pipelines.RedisPipeline']
2023-02-22 20:39:11 [scrapy.core.engine] INFO: Spider opened
2023-02-22 20:39:11 [scrapy.extensions.logstats] INFO: Crawled 0 pages (at 0 pages/min), scraped 0 items (at 0 items/min)
2023-02-22 20:39:11 [scrapy.extensions.telnet] INFO: Telnet console listening on 127.0.0.1:6024
2023-02-22 20:39:12 [scrapy.core.engine] DEBUG: Crawled (200) <GET https://www.ifeng.com/> (referer: None)
2023-02-23 14:18:50 [scrapy.core.scraper] ERROR: Spider error processing <GET https://www.ifeng.com/> (referer: None)
Traceback (most recent call last):
  File "D:\Python\Python39\lib\site-packages\twisted\internet\defer.py", line 858, in _runCallbacks
    current.result = callback(  # type: ignore[misc]
  File "D:\Python\Python39\lib\site-packages\scrapy\spiders\__init__.py", line 90, in _parse
    return self.parse(response, **kwargs)
  File "E:\Workspace\daq_engine\daq_engine\spiders\ifeng.py", line 11, in parse
    print("ifeng")
BrokenPipeError: [Errno 32] Broken pipe
2023-02-23 14:18:54 [scrapy.extensions.logstats] INFO: Crawled 1 pages (at 1 pages/min), scraped 0 items (at 0 items/min)
2023-02-23 14:18:55 [scrapy.core.engine] INFO: Closing spider (finished)
2023-02-23 14:18:55 [scrapy.statscollectors] INFO: Dumping Scrapy stats:
{'downloader/request_bytes': 213,
 'downloader/request_count': 1,
 'downloader/request_method_count/GET': 1,
 'downloader/response_bytes': 104536,
 'downloader/response_count': 1,
 'downloader/response_status_count/200': 1,
 'elapsed_time_seconds': 63583.478732,
 'finish_reason': 'finished',
 'finish_time': datetime.datetime(2023, 2, 23, 6, 18, 55, 476282),
 'httpcompression/response_bytes': 384781,
 'httpcompression/response_count': 1,
 'log_count/DEBUG': 1,
 'log_count/ERROR': 1,
 'log_count/INFO': 11,
 'response_received_count': 1,
 'scheduler/dequeued/redis': 1,
 'scheduler/enqueued/redis': 1,
 'spider_exceptions/BrokenPipeError': 1,
 'start_time': datetime.datetime(2023, 2, 22, 12, 39, 11, 997550)}
2023-02-23 14:18:55 [scrapy.core.engine] INFO: Spider closed (finished)
